2026-04-10T08:40:28Z	.ai/tasks/2026-04-10-agent-prompt-cleanup.md	dc01c1d4-923b-4ed1-b9a4-aedfd741d08c
2026-04-10T08:40:35Z	.ai/tasks/2026-04-10-agent-prompt-cleanup.md	dc01c1d4-923b-4ed1-b9a4-aedfd741d08c
2026-04-10T08:40:45Z	.ai/modules/templates.md	dc01c1d4-923b-4ed1-b9a4-aedfd741d08c
2026-04-10T08:40:45Z	.ai/rules.md	dc01c1d4-923b-4ed1-b9a4-aedfd741d08c
2026-04-10T09:02:56Z	.ai/rules.md	dc01c1d4-923b-4ed1-b9a4-aedfd741d08c
2026-04-10T09:07:33Z	.ai/modules/scaffolding.md	18bc8bf1-d371-45cc-84d7-b18c3ab8694b
2026-04-10T09:07:33Z	.ai/modules/quality.md	18bc8bf1-d371-45cc-84d7-b18c3ab8694b
2026-04-10T09:07:33Z	.ai/overview.md	18bc8bf1-d371-45cc-84d7-b18c3ab8694b
2026-04-10T09:08:41Z	.ai/modules/quality.md	18bc8bf1-d371-45cc-84d7-b18c3ab8694b
2026-04-10T09:08:46Z	.ai/modules/quality.md	18bc8bf1-d371-45cc-84d7-b18c3ab8694b
2026-04-10T12:35:22Z	.ai/tasks/2026-04-10-planner-redesign.md	26ea4901-3135-44df-88ba-fd76f9d6fece
2026-04-10T12:35:25Z	.ai/tasks/2026-04-10-planner-redesign.md	26ea4901-3135-44df-88ba-fd76f9d6fece
2026-04-10T12:35:31Z	.ai/tasks/2026-04-10-planner-redesign.md	26ea4901-3135-44df-88ba-fd76f9d6fece
2026-04-10T12:35:40Z	.ai/modules/templates.md	26ea4901-3135-44df-88ba-fd76f9d6fece
2026-04-10T12:41:59Z	.ai/tasks/2026-04-10-planner-redesign.md	26ea4901-3135-44df-88ba-fd76f9d6fece
2026-04-10T12:42:04Z	.ai/tasks/2026-04-10-planner-redesign.md	26ea4901-3135-44df-88ba-fd76f9d6fece
2026-04-10T13:11:43Z	.ai/tasks/2026-04-10-planner-boundary-fix.md	26ea4901-3135-44df-88ba-fd76f9d6fece
2026-04-10T13:11:43Z	.ai/modules/templates.md	26ea4901-3135-44df-88ba-fd76f9d6fece
2026-04-10T13:12:20Z	.ai/decisions/001-planner-edit-scope.md	26ea4901-3135-44df-88ba-fd76f9d6fece
2026-04-10T13:30:22Z	.ai/tasks/2026-04-10-task-lifecycle-clarity.md	7939952b-1eb1-4337-aca9-935cefb42485
2026-04-10T13:30:25Z	.ai/tasks/2026-04-10-task-lifecycle-clarity.md	7939952b-1eb1-4337-aca9-935cefb42485
2026-04-10T13:30:31Z	.ai/overview.md	7939952b-1eb1-4337-aca9-935cefb42485
2026-04-10T15:18:24Z	.ai/tasks/2026-04-10-reviewer-agent.md	ac094d87-a3e9-4989-a2b9-b2af9a688994
2026-04-11T00:37:01Z	.ai/tasks/2026-04-10-reviewer-agent.md	b2caf77e-d109-4e57-ae6e-0e9c2a5deac6
2026-04-11T00:37:04Z	.ai/tasks/2026-04-10-reviewer-agent.md	b2caf77e-d109-4e57-ae6e-0e9c2a5deac6
2026-04-11T00:37:07Z	.ai/tasks/2026-04-10-reviewer-agent.md	b2caf77e-d109-4e57-ae6e-0e9c2a5deac6
2026-04-11T00:37:13Z	.ai/modules/scaffolding.md	b2caf77e-d109-4e57-ae6e-0e9c2a5deac6
2026-04-13T01:27:00Z	.ai/tasks/2026-04-10-reviewer-agent.md	f661744f-37cb-41d9-b871-42c513cb1f23
2026-04-13T01:27:03Z	.ai/tasks/2026-04-10-reviewer-agent.md	f661744f-37cb-41d9-b871-42c513cb1f23
2026-04-13T01:27:12Z	.ai/modules/templates.md	f661744f-37cb-41d9-b871-42c513cb1f23
2026-04-13T01:28:30Z	.ai/tasks/2026-04-10-reviewer-agent.md	f661744f-37cb-41d9-b871-42c513cb1f23
2026-04-13T01:29:52Z	.ai/modules/templates.md	f661744f-37cb-41d9-b871-42c513cb1f23
2026-04-13T01:30:00Z	.ai/modules/templates.md	f661744f-37cb-41d9-b871-42c513cb1f23
2026-04-13T05:50:31Z	.ai/tasks/2026-04-13-v4-implementation.md	dcd889c4-6519-410f-95f6-e558d5b3fe83
2026-04-13T05:50:36Z	.ai/tasks/2026-04-13-v4-implementation.md	dcd889c4-6519-410f-95f6-e558d5b3fe83
2026-04-13T05:56:21Z	.ai/modules/templates.md	dcd889c4-6519-410f-95f6-e558d5b3fe83
2026-04-13T05:56:21Z	.ai/modules/scaffolding.md	dcd889c4-6519-410f-95f6-e558d5b3fe83
2026-04-13T05:56:21Z	.ai/modules/session-hooks.md	dcd889c4-6519-410f-95f6-e558d5b3fe83
2026-04-13T05:56:57Z	.ai/overview.md	dcd889c4-6519-410f-95f6-e558d5b3fe83
2026-04-13T05:57:04Z	.ai/overview.md	dcd889c4-6519-410f-95f6-e558d5b3fe83
2026-04-13T07:07:30Z	.ai/tasks/2026-04-13-v4-implementation.md	a5ef4787-7401-47ec-aee4-73f45cdce182
2026-04-13T07:07:33Z	.ai/tasks/2026-04-13-v4-implementation.md	a5ef4787-7401-47ec-aee4-73f45cdce182
2026-04-13T07:17:52Z	.ai/tasks/2026-04-13-v4-implementation.md	e6d8d050-ebc8-4789-9a74-aab2745803c1
2026-04-13T07:20:10Z	.ai/rules.md	e6d8d050-ebc8-4789-9a74-aab2745803c1
2026-04-13T07:30:35Z	.ai/rules.md	e6d8d050-ebc8-4789-9a74-aab2745803c1
2026-04-13T07:35:52Z	.ai/overview.md	e6d8d050-ebc8-4789-9a74-aab2745803c1
2026-04-13T07:36:04Z	.ai/overview.md	e6d8d050-ebc8-4789-9a74-aab2745803c1
2026-04-13T08:00:59Z	.ai/tasks/2026-04-13-v4-implementation.md	0182e5cf-975b-4938-8e0c-013fb0d84333
2026-04-13T08:01:05Z	.ai/tasks/2026-04-13-v4-implementation.md	0182e5cf-975b-4938-8e0c-013fb0d84333
2026-04-14T08:29:20Z	.ai/tasks/2026-04-14-post-v4-consistency-cleanup.md	89559190-ff21-4868-b367-9666fdd72c0e
2026-04-14T08:29:29Z	.ai/tasks/2026-04-14-post-v4-consistency-cleanup.md	89559190-ff21-4868-b367-9666fdd72c0e
2026-04-14T08:29:55Z	.ai/engaku.json	89559190-ff21-4868-b367-9666fdd72c0e
2026-04-14T08:29:59Z	.ai/engaku.json	89559190-ff21-4868-b367-9666fdd72c0e
2026-04-14T08:35:40Z	.ai/tasks/2026-04-14-post-v4-consistency-cleanup.md	89559190-ff21-4868-b367-9666fdd72c0e
2026-04-14T08:35:44Z	.ai/tasks/2026-04-14-post-v4-consistency-cleanup.md	89559190-ff21-4868-b367-9666fdd72c0e
2026-04-15T05:53:57Z	.ai/tasks/2026-04-15-v5-cleanup-and-publish.md	a451df41-9fb2-406f-94a3-5effc5843526
